<?xml version="1.0" encoding="UTF-8"?>
<testsuite xmlns:xsi="http://www.w3.org/2001/XMLSchema-instance" xsi:noNamespaceSchemaLocation="https://maven.apache.org/surefire/maven-surefire-plugin/xsd/surefire-test-report.xsd" name="com.bookselling.reactivedatastore.ReactiveDatastoreApplicationTests" time="4.438" tests="1" errors="0" skipped="0" failures="0">
  <properties>
    <property name="gopherProxySet" value="false"/>
    <property name="awt.toolkit" value="sun.lwawt.macosx.LWCToolkit"/>
    <property name="file.encoding.pkg" value="sun.io"/>
    <property name="java.specification.version" value="1.8"/>
    <property name="sun.cpu.isalist" value=""/>
    <property name="sun.jnu.encoding" value="UTF-8"/>
    <property name="java.class.path" value="/Users/santoshsindham/workspaces/personal/booksellingapp/reactive-datastore/target/test-classes:/Users/santoshsindham/workspaces/personal/booksellingapp/reactive-datastore/target/classes:/Users/santoshsindham/.m2/repository/org/springframework/boot/spring-boot-starter-actuator/2.0.0.BUILD-SNAPSHOT/spring-boot-starter-actuator-2.0.0.BUILD-SNAPSHOT.jar:/Users/santoshsindham/.m2/repository/org/springframework/boot/spring-boot-starter/2.0.0.BUILD-SNAPSHOT/spring-boot-starter-2.0.0.BUILD-SNAPSHOT.jar:/Users/santoshsindham/.m2/repository/org/springframework/boot/spring-boot-starter-logging/2.0.0.BUILD-SNAPSHOT/spring-boot-starter-logging-2.0.0.BUILD-SNAPSHOT.jar:/Users/santoshsindham/.m2/repository/ch/qos/logback/logback-classic/1.2.3/logback-classic-1.2.3.jar:/Users/santoshsindham/.m2/repository/ch/qos/logback/logback-core/1.2.3/logback-core-1.2.3.jar:/Users/santoshsindham/.m2/repository/org/apache/logging/log4j/log4j-to-slf4j/2.10.0/log4j-to-slf4j-2.10.0.jar:/Users/santoshsindham/.m2/repository/org/apache/logging/log4j/log4j-api/2.10.0/log4j-api-2.10.0.jar:/Users/santoshsindham/.m2/repository/org/slf4j/jul-to-slf4j/1.7.25/jul-to-slf4j-1.7.25.jar:/Users/santoshsindham/.m2/repository/javax/annotation/javax.annotation-api/1.3.1/javax.annotation-api-1.3.1.jar:/Users/santoshsindham/.m2/repository/org/yaml/snakeyaml/1.19/snakeyaml-1.19.jar:/Users/santoshsindham/.m2/repository/org/springframework/boot/spring-boot-actuator-autoconfigure/2.0.0.BUILD-SNAPSHOT/spring-boot-actuator-autoconfigure-2.0.0.BUILD-SNAPSHOT.jar:/Users/santoshsindham/.m2/repository/org/springframework/boot/spring-boot-actuator/2.0.0.BUILD-SNAPSHOT/spring-boot-actuator-2.0.0.BUILD-SNAPSHOT.jar:/Users/santoshsindham/.m2/repository/com/fasterxml/jackson/core/jackson-databind/2.9.2/jackson-databind-2.9.2.jar:/Users/santoshsindham/.m2/repository/com/fasterxml/jackson/core/jackson-annotations/2.9.0/jackson-annotations-2.9.0.jar:/Users/santoshsindham/.m2/repository/com/fasterxml/jackson/core/jackson-core/2.9.2/jackson-core-2.9.2.jar:/Users/santoshsindham/.m2/repository/org/springframework/spring-context/5.0.3.BUILD-SNAPSHOT/spring-context-5.0.3.BUILD-SNAPSHOT.jar:/Users/santoshsindham/.m2/repository/org/springframework/spring-aop/5.0.3.BUILD-SNAPSHOT/spring-aop-5.0.3.BUILD-SNAPSHOT.jar:/Users/santoshsindham/.m2/repository/com/fasterxml/jackson/datatype/jackson-datatype-jsr310/2.9.2/jackson-datatype-jsr310-2.9.2.jar:/Users/santoshsindham/.m2/repository/io/micrometer/micrometer-core/1.0.0-rc.7/micrometer-core-1.0.0-rc.7.jar:/Users/santoshsindham/.m2/repository/org/hdrhistogram/HdrHistogram/2.1.10/HdrHistogram-2.1.10.jar:/Users/santoshsindham/.m2/repository/org/latencyutils/LatencyUtils/2.0.3/LatencyUtils-2.0.3.jar:/Users/santoshsindham/.m2/repository/org/springframework/boot/spring-boot-starter-data-mongodb-reactive/2.0.0.BUILD-SNAPSHOT/spring-boot-starter-data-mongodb-reactive-2.0.0.BUILD-SNAPSHOT.jar:/Users/santoshsindham/.m2/repository/org/springframework/data/spring-data-mongodb/2.0.3.BUILD-SNAPSHOT/spring-data-mongodb-2.0.3.BUILD-SNAPSHOT.jar:/Users/santoshsindham/.m2/repository/org/springframework/spring-tx/5.0.3.BUILD-SNAPSHOT/spring-tx-5.0.3.BUILD-SNAPSHOT.jar:/Users/santoshsindham/.m2/repository/org/springframework/spring-beans/5.0.3.BUILD-SNAPSHOT/spring-beans-5.0.3.BUILD-SNAPSHOT.jar:/Users/santoshsindham/.m2/repository/org/springframework/spring-expression/5.0.3.BUILD-SNAPSHOT/spring-expression-5.0.3.BUILD-SNAPSHOT.jar:/Users/santoshsindham/.m2/repository/org/springframework/data/spring-data-commons/2.0.3.BUILD-SNAPSHOT/spring-data-commons-2.0.3.BUILD-SNAPSHOT.jar:/Users/santoshsindham/.m2/repository/org/slf4j/slf4j-api/1.7.25/slf4j-api-1.7.25.jar:/Users/santoshsindham/.m2/repository/org/mongodb/mongodb-driver/3.6.1/mongodb-driver-3.6.1.jar:/Users/santoshsindham/.m2/repository/org/mongodb/bson/3.6.1/bson-3.6.1.jar:/Users/santoshsindham/.m2/repository/org/mongodb/mongodb-driver-core/3.6.1/mongodb-driver-core-3.6.1.jar:/Users/santoshsindham/.m2/repository/org/mongodb/mongodb-driver-async/3.6.1/mongodb-driver-async-3.6.1.jar:/Users/santoshsindham/.m2/repository/org/mongodb/mongodb-driver-reactivestreams/1.7.0/mongodb-driver-reactivestreams-1.7.0.jar:/Users/santoshsindham/.m2/repository/org/reactivestreams/reactive-streams/1.0.2/reactive-streams-1.0.2.jar:/Users/santoshsindham/.m2/repository/io/projectreactor/reactor-core/3.1.3.RELEASE/reactor-core-3.1.3.RELEASE.jar:/Users/santoshsindham/.m2/repository/org/springframework/boot/spring-boot-starter-webflux/2.0.0.BUILD-SNAPSHOT/spring-boot-starter-webflux-2.0.0.BUILD-SNAPSHOT.jar:/Users/santoshsindham/.m2/repository/org/springframework/boot/spring-boot-starter-json/2.0.0.BUILD-SNAPSHOT/spring-boot-starter-json-2.0.0.BUILD-SNAPSHOT.jar:/Users/santoshsindham/.m2/repository/com/fasterxml/jackson/datatype/jackson-datatype-jdk8/2.9.2/jackson-datatype-jdk8-2.9.2.jar:/Users/santoshsindham/.m2/repository/com/fasterxml/jackson/module/jackson-module-parameter-names/2.9.2/jackson-module-parameter-names-2.9.2.jar:/Users/santoshsindham/.m2/repository/org/springframework/boot/spring-boot-starter-reactor-netty/2.0.0.BUILD-SNAPSHOT/spring-boot-starter-reactor-netty-2.0.0.BUILD-SNAPSHOT.jar:/Users/santoshsindham/.m2/repository/io/projectreactor/ipc/reactor-netty/0.7.3.BUILD-SNAPSHOT/reactor-netty-0.7.3.BUILD-SNAPSHOT.jar:/Users/santoshsindham/.m2/repository/io/netty/netty-codec-http/4.1.19.Final/netty-codec-http-4.1.19.Final.jar:/Users/santoshsindham/.m2/repository/io/netty/netty-codec/4.1.19.Final/netty-codec-4.1.19.Final.jar:/Users/santoshsindham/.m2/repository/io/netty/netty-handler/4.1.19.Final/netty-handler-4.1.19.Final.jar:/Users/santoshsindham/.m2/repository/io/netty/netty-buffer/4.1.19.Final/netty-buffer-4.1.19.Final.jar:/Users/santoshsindham/.m2/repository/io/netty/netty-transport/4.1.19.Final/netty-transport-4.1.19.Final.jar:/Users/santoshsindham/.m2/repository/io/netty/netty-resolver/4.1.19.Final/netty-resolver-4.1.19.Final.jar:/Users/santoshsindham/.m2/repository/io/netty/netty-handler-proxy/4.1.19.Final/netty-handler-proxy-4.1.19.Final.jar:/Users/santoshsindham/.m2/repository/io/netty/netty-codec-socks/4.1.19.Final/netty-codec-socks-4.1.19.Final.jar:/Users/santoshsindham/.m2/repository/io/netty/netty-transport-native-epoll/4.1.19.Final/netty-transport-native-epoll-4.1.19.Final.jar:/Users/santoshsindham/.m2/repository/io/netty/netty-common/4.1.19.Final/netty-common-4.1.19.Final.jar:/Users/santoshsindham/.m2/repository/io/netty/netty-transport-native-unix-common/4.1.19.Final/netty-transport-native-unix-common-4.1.19.Final.jar:/Users/santoshsindham/.m2/repository/org/hibernate/validator/hibernate-validator/6.0.7.Final/hibernate-validator-6.0.7.Final.jar:/Users/santoshsindham/.m2/repository/javax/validation/validation-api/2.0.1.Final/validation-api-2.0.1.Final.jar:/Users/santoshsindham/.m2/repository/org/jboss/logging/jboss-logging/3.3.1.Final/jboss-logging-3.3.1.Final.jar:/Users/santoshsindham/.m2/repository/com/fasterxml/classmate/1.3.4/classmate-1.3.4.jar:/Users/santoshsindham/.m2/repository/org/springframework/spring-web/5.0.3.BUILD-SNAPSHOT/spring-web-5.0.3.BUILD-SNAPSHOT.jar:/Users/santoshsindham/.m2/repository/org/springframework/spring-webflux/5.0.3.BUILD-SNAPSHOT/spring-webflux-5.0.3.BUILD-SNAPSHOT.jar:/Users/santoshsindham/.m2/repository/org/synchronoss/cloud/nio-multipart-parser/1.1.0/nio-multipart-parser-1.1.0.jar:/Users/santoshsindham/.m2/repository/org/synchronoss/cloud/nio-stream-storage/1.1.3/nio-stream-storage-1.1.3.jar:/Users/santoshsindham/.m2/repository/org/springframework/boot/spring-boot-devtools/2.0.0.BUILD-SNAPSHOT/spring-boot-devtools-2.0.0.BUILD-SNAPSHOT.jar:/Users/santoshsindham/.m2/repository/org/springframework/boot/spring-boot/2.0.0.BUILD-SNAPSHOT/spring-boot-2.0.0.BUILD-SNAPSHOT.jar:/Users/santoshsindham/.m2/repository/org/springframework/boot/spring-boot-autoconfigure/2.0.0.BUILD-SNAPSHOT/spring-boot-autoconfigure-2.0.0.BUILD-SNAPSHOT.jar:/Users/santoshsindham/.m2/repository/org/springframework/boot/spring-boot-starter-test/2.0.0.BUILD-SNAPSHOT/spring-boot-starter-test-2.0.0.BUILD-SNAPSHOT.jar:/Users/santoshsindham/.m2/repository/org/springframework/boot/spring-boot-test/2.0.0.BUILD-SNAPSHOT/spring-boot-test-2.0.0.BUILD-SNAPSHOT.jar:/Users/santoshsindham/.m2/repository/org/springframework/boot/spring-boot-test-autoconfigure/2.0.0.BUILD-SNAPSHOT/spring-boot-test-autoconfigure-2.0.0.BUILD-SNAPSHOT.jar:/Users/santoshsindham/.m2/repository/com/jayway/jsonpath/json-path/2.4.0/json-path-2.4.0.jar:/Users/santoshsindham/.m2/repository/net/minidev/json-smart/2.3/json-smart-2.3.jar:/Users/santoshsindham/.m2/repository/net/minidev/accessors-smart/1.2/accessors-smart-1.2.jar:/Users/santoshsindham/.m2/repository/org/ow2/asm/asm/5.0.4/asm-5.0.4.jar:/Users/santoshsindham/.m2/repository/junit/junit/4.12/junit-4.12.jar:/Users/santoshsindham/.m2/repository/org/assertj/assertj-core/3.9.0/assertj-core-3.9.0.jar:/Users/santoshsindham/.m2/repository/org/mockito/mockito-core/2.13.0/mockito-core-2.13.0.jar:/Users/santoshsindham/.m2/repository/net/bytebuddy/byte-buddy/1.7.9/byte-buddy-1.7.9.jar:/Users/santoshsindham/.m2/repository/net/bytebuddy/byte-buddy-agent/1.7.9/byte-buddy-agent-1.7.9.jar:/Users/santoshsindham/.m2/repository/org/objenesis/objenesis/2.6/objenesis-2.6.jar:/Users/santoshsindham/.m2/repository/org/hamcrest/hamcrest-core/1.3/hamcrest-core-1.3.jar:/Users/santoshsindham/.m2/repository/org/hamcrest/hamcrest-library/1.3/hamcrest-library-1.3.jar:/Users/santoshsindham/.m2/repository/org/skyscreamer/jsonassert/1.5.0/jsonassert-1.5.0.jar:/Users/santoshsindham/.m2/repository/com/vaadin/external/google/android-json/0.0.20131108.vaadin1/android-json-0.0.20131108.vaadin1.jar:/Users/santoshsindham/.m2/repository/org/springframework/spring-core/5.0.3.BUILD-SNAPSHOT/spring-core-5.0.3.BUILD-SNAPSHOT.jar:/Users/santoshsindham/.m2/repository/org/springframework/spring-jcl/5.0.3.BUILD-SNAPSHOT/spring-jcl-5.0.3.BUILD-SNAPSHOT.jar:/Users/santoshsindham/.m2/repository/org/springframework/spring-test/5.0.3.BUILD-SNAPSHOT/spring-test-5.0.3.BUILD-SNAPSHOT.jar:/Users/santoshsindham/.m2/repository/org/xmlunit/xmlunit-core/2.5.1/xmlunit-core-2.5.1.jar:/Users/santoshsindham/.m2/repository/io/projectreactor/reactor-test/3.1.3.RELEASE/reactor-test-3.1.3.RELEASE.jar:"/>
    <property name="java.vm.vendor" value="Oracle Corporation"/>
    <property name="sun.arch.data.model" value="64"/>
    <property name="java.vendor.url" value="http://java.oracle.com/"/>
    <property name="user.timezone" value=""/>
    <property name="user.country.format" value="IN"/>
    <property name="java.vm.specification.version" value="1.8"/>
    <property name="os.name" value="Mac OS X"/>
    <property name="user.country" value="US"/>
    <property name="sun.java.launcher" value="SUN_STANDARD"/>
    <property name="sun.boot.library.path" value="/Library/Java/JavaVirtualMachines/jdk1.8.0_144.jdk/Contents/Home/jre/lib"/>
    <property name="sun.java.command" value="/Users/santoshsindham/workspaces/personal/booksellingapp/reactive-datastore/target/surefire/surefirebooter2466305105195584817.jar /Users/santoshsindham/workspaces/personal/booksellingapp/reactive-datastore/target/surefire 2018-01-20T18-40-36_068-jvmRun1 surefire7054640835226695345tmp surefire_03367822725311165790tmp"/>
    <property name="surefire.test.class.path" value="/Users/santoshsindham/workspaces/personal/booksellingapp/reactive-datastore/target/test-classes:/Users/santoshsindham/workspaces/personal/booksellingapp/reactive-datastore/target/classes:/Users/santoshsindham/.m2/repository/org/springframework/boot/spring-boot-starter-actuator/2.0.0.BUILD-SNAPSHOT/spring-boot-starter-actuator-2.0.0.BUILD-SNAPSHOT.jar:/Users/santoshsindham/.m2/repository/org/springframework/boot/spring-boot-starter/2.0.0.BUILD-SNAPSHOT/spring-boot-starter-2.0.0.BUILD-SNAPSHOT.jar:/Users/santoshsindham/.m2/repository/org/springframework/boot/spring-boot-starter-logging/2.0.0.BUILD-SNAPSHOT/spring-boot-starter-logging-2.0.0.BUILD-SNAPSHOT.jar:/Users/santoshsindham/.m2/repository/ch/qos/logback/logback-classic/1.2.3/logback-classic-1.2.3.jar:/Users/santoshsindham/.m2/repository/ch/qos/logback/logback-core/1.2.3/logback-core-1.2.3.jar:/Users/santoshsindham/.m2/repository/org/apache/logging/log4j/log4j-to-slf4j/2.10.0/log4j-to-slf4j-2.10.0.jar:/Users/santoshsindham/.m2/repository/org/apache/logging/log4j/log4j-api/2.10.0/log4j-api-2.10.0.jar:/Users/santoshsindham/.m2/repository/org/slf4j/jul-to-slf4j/1.7.25/jul-to-slf4j-1.7.25.jar:/Users/santoshsindham/.m2/repository/javax/annotation/javax.annotation-api/1.3.1/javax.annotation-api-1.3.1.jar:/Users/santoshsindham/.m2/repository/org/yaml/snakeyaml/1.19/snakeyaml-1.19.jar:/Users/santoshsindham/.m2/repository/org/springframework/boot/spring-boot-actuator-autoconfigure/2.0.0.BUILD-SNAPSHOT/spring-boot-actuator-autoconfigure-2.0.0.BUILD-SNAPSHOT.jar:/Users/santoshsindham/.m2/repository/org/springframework/boot/spring-boot-actuator/2.0.0.BUILD-SNAPSHOT/spring-boot-actuator-2.0.0.BUILD-SNAPSHOT.jar:/Users/santoshsindham/.m2/repository/com/fasterxml/jackson/core/jackson-databind/2.9.2/jackson-databind-2.9.2.jar:/Users/santoshsindham/.m2/repository/com/fasterxml/jackson/core/jackson-annotations/2.9.0/jackson-annotations-2.9.0.jar:/Users/santoshsindham/.m2/repository/com/fasterxml/jackson/core/jackson-core/2.9.2/jackson-core-2.9.2.jar:/Users/santoshsindham/.m2/repository/org/springframework/spring-context/5.0.3.BUILD-SNAPSHOT/spring-context-5.0.3.BUILD-SNAPSHOT.jar:/Users/santoshsindham/.m2/repository/org/springframework/spring-aop/5.0.3.BUILD-SNAPSHOT/spring-aop-5.0.3.BUILD-SNAPSHOT.jar:/Users/santoshsindham/.m2/repository/com/fasterxml/jackson/datatype/jackson-datatype-jsr310/2.9.2/jackson-datatype-jsr310-2.9.2.jar:/Users/santoshsindham/.m2/repository/io/micrometer/micrometer-core/1.0.0-rc.7/micrometer-core-1.0.0-rc.7.jar:/Users/santoshsindham/.m2/repository/org/hdrhistogram/HdrHistogram/2.1.10/HdrHistogram-2.1.10.jar:/Users/santoshsindham/.m2/repository/org/latencyutils/LatencyUtils/2.0.3/LatencyUtils-2.0.3.jar:/Users/santoshsindham/.m2/repository/org/springframework/boot/spring-boot-starter-data-mongodb-reactive/2.0.0.BUILD-SNAPSHOT/spring-boot-starter-data-mongodb-reactive-2.0.0.BUILD-SNAPSHOT.jar:/Users/santoshsindham/.m2/repository/org/springframework/data/spring-data-mongodb/2.0.3.BUILD-SNAPSHOT/spring-data-mongodb-2.0.3.BUILD-SNAPSHOT.jar:/Users/santoshsindham/.m2/repository/org/springframework/spring-tx/5.0.3.BUILD-SNAPSHOT/spring-tx-5.0.3.BUILD-SNAPSHOT.jar:/Users/santoshsindham/.m2/repository/org/springframework/spring-beans/5.0.3.BUILD-SNAPSHOT/spring-beans-5.0.3.BUILD-SNAPSHOT.jar:/Users/santoshsindham/.m2/repository/org/springframework/spring-expression/5.0.3.BUILD-SNAPSHOT/spring-expression-5.0.3.BUILD-SNAPSHOT.jar:/Users/santoshsindham/.m2/repository/org/springframework/data/spring-data-commons/2.0.3.BUILD-SNAPSHOT/spring-data-commons-2.0.3.BUILD-SNAPSHOT.jar:/Users/santoshsindham/.m2/repository/org/slf4j/slf4j-api/1.7.25/slf4j-api-1.7.25.jar:/Users/santoshsindham/.m2/repository/org/mongodb/mongodb-driver/3.6.1/mongodb-driver-3.6.1.jar:/Users/santoshsindham/.m2/repository/org/mongodb/bson/3.6.1/bson-3.6.1.jar:/Users/santoshsindham/.m2/repository/org/mongodb/mongodb-driver-core/3.6.1/mongodb-driver-core-3.6.1.jar:/Users/santoshsindham/.m2/repository/org/mongodb/mongodb-driver-async/3.6.1/mongodb-driver-async-3.6.1.jar:/Users/santoshsindham/.m2/repository/org/mongodb/mongodb-driver-reactivestreams/1.7.0/mongodb-driver-reactivestreams-1.7.0.jar:/Users/santoshsindham/.m2/repository/org/reactivestreams/reactive-streams/1.0.2/reactive-streams-1.0.2.jar:/Users/santoshsindham/.m2/repository/io/projectreactor/reactor-core/3.1.3.RELEASE/reactor-core-3.1.3.RELEASE.jar:/Users/santoshsindham/.m2/repository/org/springframework/boot/spring-boot-starter-webflux/2.0.0.BUILD-SNAPSHOT/spring-boot-starter-webflux-2.0.0.BUILD-SNAPSHOT.jar:/Users/santoshsindham/.m2/repository/org/springframework/boot/spring-boot-starter-json/2.0.0.BUILD-SNAPSHOT/spring-boot-starter-json-2.0.0.BUILD-SNAPSHOT.jar:/Users/santoshsindham/.m2/repository/com/fasterxml/jackson/datatype/jackson-datatype-jdk8/2.9.2/jackson-datatype-jdk8-2.9.2.jar:/Users/santoshsindham/.m2/repository/com/fasterxml/jackson/module/jackson-module-parameter-names/2.9.2/jackson-module-parameter-names-2.9.2.jar:/Users/santoshsindham/.m2/repository/org/springframework/boot/spring-boot-starter-reactor-netty/2.0.0.BUILD-SNAPSHOT/spring-boot-starter-reactor-netty-2.0.0.BUILD-SNAPSHOT.jar:/Users/santoshsindham/.m2/repository/io/projectreactor/ipc/reactor-netty/0.7.3.BUILD-SNAPSHOT/reactor-netty-0.7.3.BUILD-SNAPSHOT.jar:/Users/santoshsindham/.m2/repository/io/netty/netty-codec-http/4.1.19.Final/netty-codec-http-4.1.19.Final.jar:/Users/santoshsindham/.m2/repository/io/netty/netty-codec/4.1.19.Final/netty-codec-4.1.19.Final.jar:/Users/santoshsindham/.m2/repository/io/netty/netty-handler/4.1.19.Final/netty-handler-4.1.19.Final.jar:/Users/santoshsindham/.m2/repository/io/netty/netty-buffer/4.1.19.Final/netty-buffer-4.1.19.Final.jar:/Users/santoshsindham/.m2/repository/io/netty/netty-transport/4.1.19.Final/netty-transport-4.1.19.Final.jar:/Users/santoshsindham/.m2/repository/io/netty/netty-resolver/4.1.19.Final/netty-resolver-4.1.19.Final.jar:/Users/santoshsindham/.m2/repository/io/netty/netty-handler-proxy/4.1.19.Final/netty-handler-proxy-4.1.19.Final.jar:/Users/santoshsindham/.m2/repository/io/netty/netty-codec-socks/4.1.19.Final/netty-codec-socks-4.1.19.Final.jar:/Users/santoshsindham/.m2/repository/io/netty/netty-transport-native-epoll/4.1.19.Final/netty-transport-native-epoll-4.1.19.Final.jar:/Users/santoshsindham/.m2/repository/io/netty/netty-common/4.1.19.Final/netty-common-4.1.19.Final.jar:/Users/santoshsindham/.m2/repository/io/netty/netty-transport-native-unix-common/4.1.19.Final/netty-transport-native-unix-common-4.1.19.Final.jar:/Users/santoshsindham/.m2/repository/org/hibernate/validator/hibernate-validator/6.0.7.Final/hibernate-validator-6.0.7.Final.jar:/Users/santoshsindham/.m2/repository/javax/validation/validation-api/2.0.1.Final/validation-api-2.0.1.Final.jar:/Users/santoshsindham/.m2/repository/org/jboss/logging/jboss-logging/3.3.1.Final/jboss-logging-3.3.1.Final.jar:/Users/santoshsindham/.m2/repository/com/fasterxml/classmate/1.3.4/classmate-1.3.4.jar:/Users/santoshsindham/.m2/repository/org/springframework/spring-web/5.0.3.BUILD-SNAPSHOT/spring-web-5.0.3.BUILD-SNAPSHOT.jar:/Users/santoshsindham/.m2/repository/org/springframework/spring-webflux/5.0.3.BUILD-SNAPSHOT/spring-webflux-5.0.3.BUILD-SNAPSHOT.jar:/Users/santoshsindham/.m2/repository/org/synchronoss/cloud/nio-multipart-parser/1.1.0/nio-multipart-parser-1.1.0.jar:/Users/santoshsindham/.m2/repository/org/synchronoss/cloud/nio-stream-storage/1.1.3/nio-stream-storage-1.1.3.jar:/Users/santoshsindham/.m2/repository/org/springframework/boot/spring-boot-devtools/2.0.0.BUILD-SNAPSHOT/spring-boot-devtools-2.0.0.BUILD-SNAPSHOT.jar:/Users/santoshsindham/.m2/repository/org/springframework/boot/spring-boot/2.0.0.BUILD-SNAPSHOT/spring-boot-2.0.0.BUILD-SNAPSHOT.jar:/Users/santoshsindham/.m2/repository/org/springframework/boot/spring-boot-autoconfigure/2.0.0.BUILD-SNAPSHOT/spring-boot-autoconfigure-2.0.0.BUILD-SNAPSHOT.jar:/Users/santoshsindham/.m2/repository/org/springframework/boot/spring-boot-starter-test/2.0.0.BUILD-SNAPSHOT/spring-boot-starter-test-2.0.0.BUILD-SNAPSHOT.jar:/Users/santoshsindham/.m2/repository/org/springframework/boot/spring-boot-test/2.0.0.BUILD-SNAPSHOT/spring-boot-test-2.0.0.BUILD-SNAPSHOT.jar:/Users/santoshsindham/.m2/repository/org/springframework/boot/spring-boot-test-autoconfigure/2.0.0.BUILD-SNAPSHOT/spring-boot-test-autoconfigure-2.0.0.BUILD-SNAPSHOT.jar:/Users/santoshsindham/.m2/repository/com/jayway/jsonpath/json-path/2.4.0/json-path-2.4.0.jar:/Users/santoshsindham/.m2/repository/net/minidev/json-smart/2.3/json-smart-2.3.jar:/Users/santoshsindham/.m2/repository/net/minidev/accessors-smart/1.2/accessors-smart-1.2.jar:/Users/santoshsindham/.m2/repository/org/ow2/asm/asm/5.0.4/asm-5.0.4.jar:/Users/santoshsindham/.m2/repository/junit/junit/4.12/junit-4.12.jar:/Users/santoshsindham/.m2/repository/org/assertj/assertj-core/3.9.0/assertj-core-3.9.0.jar:/Users/santoshsindham/.m2/repository/org/mockito/mockito-core/2.13.0/mockito-core-2.13.0.jar:/Users/santoshsindham/.m2/repository/net/bytebuddy/byte-buddy/1.7.9/byte-buddy-1.7.9.jar:/Users/santoshsindham/.m2/repository/net/bytebuddy/byte-buddy-agent/1.7.9/byte-buddy-agent-1.7.9.jar:/Users/santoshsindham/.m2/repository/org/objenesis/objenesis/2.6/objenesis-2.6.jar:/Users/santoshsindham/.m2/repository/org/hamcrest/hamcrest-core/1.3/hamcrest-core-1.3.jar:/Users/santoshsindham/.m2/repository/org/hamcrest/hamcrest-library/1.3/hamcrest-library-1.3.jar:/Users/santoshsindham/.m2/repository/org/skyscreamer/jsonassert/1.5.0/jsonassert-1.5.0.jar:/Users/santoshsindham/.m2/repository/com/vaadin/external/google/android-json/0.0.20131108.vaadin1/android-json-0.0.20131108.vaadin1.jar:/Users/santoshsindham/.m2/repository/org/springframework/spring-core/5.0.3.BUILD-SNAPSHOT/spring-core-5.0.3.BUILD-SNAPSHOT.jar:/Users/santoshsindham/.m2/repository/org/springframework/spring-jcl/5.0.3.BUILD-SNAPSHOT/spring-jcl-5.0.3.BUILD-SNAPSHOT.jar:/Users/santoshsindham/.m2/repository/org/springframework/spring-test/5.0.3.BUILD-SNAPSHOT/spring-test-5.0.3.BUILD-SNAPSHOT.jar:/Users/santoshsindham/.m2/repository/org/xmlunit/xmlunit-core/2.5.1/xmlunit-core-2.5.1.jar:/Users/santoshsindham/.m2/repository/io/projectreactor/reactor-test/3.1.3.RELEASE/reactor-test-3.1.3.RELEASE.jar:"/>
    <property name="sun.cpu.endian" value="little"/>
    <property name="user.home" value="/Users/santoshsindham"/>
    <property name="user.language" value="en"/>
    <property name="java.specification.vendor" value="Oracle Corporation"/>
    <property name="java.home" value="/Library/Java/JavaVirtualMachines/jdk1.8.0_144.jdk/Contents/Home/jre"/>
    <property name="basedir" value="/Users/santoshsindham/workspaces/personal/booksellingapp/reactive-datastore"/>
    <property name="file.separator" value="/"/>
    <property name="line.separator" value="&#10;"/>
    <property name="java.vm.specification.vendor" value="Oracle Corporation"/>
    <property name="java.specification.name" value="Java Platform API Specification"/>
    <property name="java.awt.graphicsenv" value="sun.awt.CGraphicsEnvironment"/>
    <property name="surefire.real.class.path" value="/Users/santoshsindham/workspaces/personal/booksellingapp/reactive-datastore/target/surefire/surefirebooter2466305105195584817.jar"/>
    <property name="sun.boot.class.path" value="/Library/Java/JavaVirtualMachines/jdk1.8.0_144.jdk/Contents/Home/jre/lib/resources.jar:/Library/Java/JavaVirtualMachines/jdk1.8.0_144.jdk/Contents/Home/jre/lib/rt.jar:/Library/Java/JavaVirtualMachines/jdk1.8.0_144.jdk/Contents/Home/jre/lib/sunrsasign.jar:/Library/Java/JavaVirtualMachines/jdk1.8.0_144.jdk/Contents/Home/jre/lib/jsse.jar:/Library/Java/JavaVirtualMachines/jdk1.8.0_144.jdk/Contents/Home/jre/lib/jce.jar:/Library/Java/JavaVirtualMachines/jdk1.8.0_144.jdk/Contents/Home/jre/lib/charsets.jar:/Library/Java/JavaVirtualMachines/jdk1.8.0_144.jdk/Contents/Home/jre/lib/jfr.jar:/Library/Java/JavaVirtualMachines/jdk1.8.0_144.jdk/Contents/Home/jre/classes"/>
    <property name="sun.management.compiler" value="HotSpot 64-Bit Tiered Compilers"/>
    <property name="java.runtime.version" value="1.8.0_144-b01"/>
    <property name="user.name" value="santoshsindham"/>
    <property name="path.separator" value=":"/>
    <property name="os.version" value="10.12.6"/>
    <property name="java.endorsed.dirs" value="/Library/Java/JavaVirtualMachines/jdk1.8.0_144.jdk/Contents/Home/jre/lib/endorsed"/>
    <property name="java.runtime.name" value="Java(TM) SE Runtime Environment"/>
    <property name="file.encoding" value="UTF-8"/>
    <property name="java.vm.name" value="Java HotSpot(TM) 64-Bit Server VM"/>
    <property name="localRepository" value="/Users/santoshsindham/.m2/repository"/>
    <property name="java.vendor.url.bug" value="http://bugreport.sun.com/bugreport/"/>
    <property name="java.io.tmpdir" value="/var/folders/p3/49sm63_s3cb5qc9p3yr64v9r0000gp/T/"/>
    <property name="java.version" value="1.8.0_144"/>
    <property name="user.dir" value="/Users/santoshsindham/workspaces/personal/booksellingapp/reactive-datastore"/>
    <property name="os.arch" value="x86_64"/>
    <property name="java.vm.specification.name" value="Java Virtual Machine Specification"/>
    <property name="java.awt.printerjob" value="sun.lwawt.macosx.CPrinterJob"/>
    <property name="sun.os.patch.level" value="unknown"/>
    <property name="java.library.path" value="/Users/santoshsindham/Library/Java/Extensions:/Library/Java/Extensions:/Network/Library/Java/Extensions:/System/Library/Java/Extensions:/usr/lib/java:."/>
    <property name="java.vm.info" value="mixed mode"/>
    <property name="java.vendor" value="Oracle Corporation"/>
    <property name="java.vm.version" value="25.144-b01"/>
    <property name="java.ext.dirs" value="/Users/santoshsindham/Library/Java/Extensions:/Library/Java/JavaVirtualMachines/jdk1.8.0_144.jdk/Contents/Home/jre/lib/ext:/Library/Java/Extensions:/Network/Library/Java/Extensions:/System/Library/Java/Extensions:/usr/lib/java"/>
    <property name="sun.io.unicode.encoding" value="UnicodeBig"/>
    <property name="java.class.version" value="52.0"/>
  </properties>
  <testcase name="contextLoads" classname="com.bookselling.reactivedatastore.ReactiveDatastoreApplicationTests" time="0.111"/>
</testsuite>